<?xml version="1.0" encoding="UTF-8"?>
<!-- Generated by org.testng.reporters.JUnitReportReporter -->
<testsuite skipped="2" hostname="Lenovo-PC" name="org.adactin.login.LoginPage_Test" tests="6" failures="0" timestamp="30 Oct 2018 02:19:57 GMT" time="0.016" errors="0">
  <testcase name="test3" time="0.002" classname="org.adactin.login.LoginPage_Test"/>
  <testcase name="test1" time="0.001" classname="org.adactin.login.LoginPage_Test"/>
  <testcase name="test3" time="0.004" classname="org.adactin.login.LoginPage_Test"/>
  <testcase name="test0" time="0.009" classname="org.adactin.login.LoginPage_Test"/>
  <testcase name="ValidLoginTest" classname="org.adactin.login.LoginPage_Test">
    <skipped/>
  </testcase> <!-- ValidLoginTest -->
  <testcase name="InvalidLoginTest" classname="org.adactin.login.LoginPage_Test">
    <skipped/>
  </testcase> <!-- InvalidLoginTest -->
</testsuite> <!-- org.adactin.login.LoginPage_Test -->
