<?xml version="1.0" encoding="UTF-8"?>
<!-- Generated by org.testng.reporters.JUnitReportReporter -->
<testsuite skipped="0" hostname="Lenovo-PC" name="org.adactin.login.LoginPage_Test" tests="2" failures="0" timestamp="23 Aug 2018 19:01:15 GMT" time="2.251" errors="0">
  <testcase name="InvalidLoginTest" time="0.652" classname="org.adactin.login.LoginPage_Test"/>
  <testcase name="ValidLoginTest" time="1.599" classname="org.adactin.login.LoginPage_Test"/>
</testsuite> <!-- org.adactin.login.LoginPage_Test -->
